  Source.cpp
c:\users\zou\desktop\adduser\adduser\source.cpp(14): warning C4101: 'i': unreferenced local variable
c:\users\zou\desktop\adduser\adduser\source.cpp(67): warning C4101: 'sql_str': unreferenced local variable
c:\users\zou\desktop\adduser\adduser\source.cpp(65): warning C4101: 'success': unreferenced local variable
  oss_c_sdk.lib(aos_http_io.obj) : MSIL .netmodule or module compiled with /GL found; restarting link with /LTCG; add /LTCG to the link command line to improve linker performance
LINK : warning LNK4075: ignoring '/INCREMENTAL' due to '/LTCG' specification
Source.obj : warning LNK4075: ignoring '/EDITANDCONTINUE' due to '/OPT:LBR' specification
LINK : warning LNK4098: defaultlib 'MSVCRT' conflicts with use of other libs; use /NODEFAULTLIB:library
  Generating code
  Finished generating code
oss_c_sdk.lib(aos_http_io.obj) : warning LNK4099: PDB 'oss_c_sdk.pdb' was not found with 'oss_c_sdk.lib(aos_http_io.obj)' or at 'C:\Users\Zou\Desktop\adduser\Debug\oss_c_sdk.pdb'; linking object as if no debug info
oss_c_sdk.lib(oss_util.obj) : warning LNK4099: PDB 'oss_c_sdk.pdb' was not found with 'oss_c_sdk.lib(oss_util.obj)' or at 'C:\Users\Zou\Desktop\adduser\Debug\oss_c_sdk.pdb'; linking object as if no debug info
oss_c_sdk.lib(oss_object.obj) : warning LNK4099: PDB 'oss_c_sdk.pdb' was not found with 'oss_c_sdk.lib(oss_object.obj)' or at 'C:\Users\Zou\Desktop\adduser\Debug\oss_c_sdk.pdb'; linking object as if no debug info
oss_c_sdk.lib(aos_buf.obj) : warning LNK4099: PDB 'oss_c_sdk.pdb' was not found with 'oss_c_sdk.lib(aos_buf.obj)' or at 'C:\Users\Zou\Desktop\adduser\Debug\oss_c_sdk.pdb'; linking object as if no debug info
oss_c_sdk.lib(aos_transport.obj) : warning LNK4099: PDB 'oss_c_sdk.pdb' was not found with 'oss_c_sdk.lib(aos_transport.obj)' or at 'C:\Users\Zou\Desktop\adduser\Debug\oss_c_sdk.pdb'; linking object as if no debug info
oss_c_sdk.lib(aos_log.obj) : warning LNK4099: PDB 'oss_c_sdk.pdb' was not found with 'oss_c_sdk.lib(aos_log.obj)' or at 'C:\Users\Zou\Desktop\adduser\Debug\oss_c_sdk.pdb'; linking object as if no debug info
oss_c_sdk.lib(oss_define.obj) : warning LNK4099: PDB 'oss_c_sdk.pdb' was not found with 'oss_c_sdk.lib(oss_define.obj)' or at 'C:\Users\Zou\Desktop\adduser\Debug\oss_c_sdk.pdb'; linking object as if no debug info
oss_c_sdk.lib(aos_status.obj) : warning LNK4099: PDB 'oss_c_sdk.pdb' was not found with 'oss_c_sdk.lib(aos_status.obj)' or at 'C:\Users\Zou\Desktop\adduser\Debug\oss_c_sdk.pdb'; linking object as if no debug info
oss_c_sdk.lib(aos_string.obj) : warning LNK4099: PDB 'oss_c_sdk.pdb' was not found with 'oss_c_sdk.lib(aos_string.obj)' or at 'C:\Users\Zou\Desktop\adduser\Debug\oss_c_sdk.pdb'; linking object as if no debug info
oss_c_sdk.lib(aos_util.obj) : warning LNK4099: PDB 'oss_c_sdk.pdb' was not found with 'oss_c_sdk.lib(aos_util.obj)' or at 'C:\Users\Zou\Desktop\adduser\Debug\oss_c_sdk.pdb'; linking object as if no debug info
oss_c_sdk.lib(oss_auth.obj) : warning LNK4099: PDB 'oss_c_sdk.pdb' was not found with 'oss_c_sdk.lib(oss_auth.obj)' or at 'C:\Users\Zou\Desktop\adduser\Debug\oss_c_sdk.pdb'; linking object as if no debug info
oss_c_sdk.lib(aos_fstack.obj) : warning LNK4099: PDB 'oss_c_sdk.pdb' was not found with 'oss_c_sdk.lib(aos_fstack.obj)' or at 'C:\Users\Zou\Desktop\adduser\Debug\oss_c_sdk.pdb'; linking object as if no debug info
oss_c_sdk.lib(aos_crc64.obj) : warning LNK4099: PDB 'oss_c_sdk.pdb' was not found with 'oss_c_sdk.lib(aos_crc64.obj)' or at 'C:\Users\Zou\Desktop\adduser\Debug\oss_c_sdk.pdb'; linking object as if no debug info
  adduser.vcxproj -> C:\Users\Zou\Desktop\adduser\Debug\adduser.exe
  adduser.vcxproj -> C:\Users\Zou\Desktop\adduser\Debug\adduser.pdb (Full PDB)
